<?xml version="1.0" encoding="UTF-8"?>
<testsuite xmlns:xsi="http://www.w3.org/2001/XMLSchema-instance" xsi:noNamespaceSchemaLocation="https://maven.apache.org/surefire/maven-surefire-plugin/xsd/surefire-test-report.xsd" name="Single data table" time="2.99" tests="4" errors="0" skipped="4" failures="0">
  <properties>
[...]
</properties>
  <testcase name="TC01_google seach test" classname="Single data table" time="0">
    <skipped message="The step &quot;user is on the google page&quot; is undefined. You can implement it using the snippet(s) below:&#10;&#10;@Given(&quot;user is on the google page&quot;)&#10;public void user_is_on_the_google_page() {&#10;    // Write code here that turns the phrase above into concrete actions&#10;    throw new io.cucumber.java.PendingException();&#10;}&#10;&#10;&#10;Some other steps were also undefined:&#10;&#10;@Given(&quot;user searches for {string}&quot;)&#10;public void user_searches_for(String string) {&#10;    // Write code here that turns the phrase above into concrete actions&#10;    throw new io.cucumber.java.PendingException();&#10;}&#10;@Then(&quot;verify the result has {string}&quot;)&#10;public void verify_the_result_has(String string) {&#10;    // Write code here that turns the phrase above into concrete actions&#10;    throw new io.cucumber.java.PendingException();&#10;}&#10;"/>
    <system-out><![CDATA[Jun 14, 2020 2:31:35 PM io.cucumber.junit.Cucumber <init>
WARNING: By default Cucumber is running in --non-strict mode.
This default will change to --strict and --non-strict will be removed.
You can use --strict or @CucumberOptions(strict = true) to suppress this warning

&amp#27;[33mUndefined scenarios:&amp#27;[0m
&amp#27;[33mfile:///C:/Users/LENOVO/IdeaProjects/mycucumberframework1/src/test/resources/features/FE1200_US2500_google%20search%20data%20tables.feature:9&amp#27;[0m# TC01_google seach test
&amp#27;[33mfile:///C:/Users/LENOVO/IdeaProjects/mycucumberframework1/src/test/resources/features/FE1200_US2500_google%20search%20data%20tables.feature:10&amp#27;[0m# TC01_google seach test
&amp#27;[33mfile:///C:/Users/LENOVO/IdeaProjects/mycucumberframework1/src/test/resources/features/FE1200_US2500_google%20search%20data%20tables.feature:11&amp#27;[0m# TC01_google seach test
&amp#27;[33mfile:///C:/Users/LENOVO/IdeaProjects/mycucumberframework1/src/test/resources/features/FE1200_US2500_google%20search%20data%20tables.feature:12&amp#27;[0m# TC01_google seach test

5 Scenarios (&amp#27;[33m4 undefined&amp#27;[0m, &amp#27;[32m1 passed&amp#27;[0m)
17 Steps (&amp#27;[33m12 undefined&amp#27;[0m, &amp#27;[32m5 passed&amp#27;[0m)
1m24.147s


You can implement missing steps with the snippets below:

@Given("user is on the google page")
public void user_is_on_the_google_page() {
    // Write code here that turns the phrase above into concrete actions
    throw new io.cucumber.java.PendingException();
}

@Given("user searches for {string}")
public void user_searches_for(String string) {
    // Write code here that turns the phrase above into concrete actions
    throw new io.cucumber.java.PendingException();
}

@Then("verify the result has {string}")
public void verify_the_result_has(String string) {
    // Write code here that turns the phrase above into concrete actions
    throw new io.cucumber.java.PendingException();
}


]]></system-out>
  </testcase>
  <testcase name="TC01_google seach test" classname="Single data table" time="0">
    <skipped message="The step &quot;user is on the google page&quot; is undefined. You can implement it using the snippet(s) below:&#10;&#10;@Given(&quot;user is on the google page&quot;)&#10;public void user_is_on_the_google_page() {&#10;    // Write code here that turns the phrase above into concrete actions&#10;    throw new io.cucumber.java.PendingException();&#10;}&#10;&#10;&#10;Some other steps were also undefined:&#10;&#10;@Given(&quot;user searches for {string}&quot;)&#10;public void user_searches_for(String string) {&#10;    // Write code here that turns the phrase above into concrete actions&#10;    throw new io.cucumber.java.PendingException();&#10;}&#10;@Then(&quot;verify the result has {string}&quot;)&#10;public void verify_the_result_has(String string) {&#10;    // Write code here that turns the phrase above into concrete actions&#10;    throw new io.cucumber.java.PendingException();&#10;}&#10;"/>
  </testcase>
  <testcase name="TC01_google seach test" classname="Single data table" time="0">
    <skipped message="The step &quot;user is on the google page&quot; is undefined. You can implement it using the snippet(s) below:&#10;&#10;@Given(&quot;user is on the google page&quot;)&#10;public void user_is_on_the_google_page() {&#10;    // Write code here that turns the phrase above into concrete actions&#10;    throw new io.cucumber.java.PendingException();&#10;}&#10;&#10;&#10;Some other steps were also undefined:&#10;&#10;@Given(&quot;user searches for {string}&quot;)&#10;public void user_searches_for(String string) {&#10;    // Write code here that turns the phrase above into concrete actions&#10;    throw new io.cucumber.java.PendingException();&#10;}&#10;@Then(&quot;verify the result has {string}&quot;)&#10;public void verify_the_result_has(String string) {&#10;    // Write code here that turns the phrase above into concrete actions&#10;    throw new io.cucumber.java.PendingException();&#10;}&#10;"/>
  </testcase>
  <testcase name="TC01_google seach test" classname="Single data table" time="0">
    <skipped message="The step &quot;user is on the google page&quot; is undefined. You can implement it using the snippet(s) below:&#10;&#10;@Given(&quot;user is on the google page&quot;)&#10;public void user_is_on_the_google_page() {&#10;    // Write code here that turns the phrase above into concrete actions&#10;    throw new io.cucumber.java.PendingException();&#10;}&#10;&#10;&#10;Some other steps were also undefined:&#10;&#10;@Given(&quot;user searches for {string}&quot;)&#10;public void user_searches_for(String string) {&#10;    // Write code here that turns the phrase above into concrete actions&#10;    throw new io.cucumber.java.PendingException();&#10;}&#10;@Then(&quot;verify the result has {string}&quot;)&#10;public void verify_the_result_has(String string) {&#10;    // Write code here that turns the phrase above into concrete actions&#10;    throw new io.cucumber.java.PendingException();&#10;}&#10;"/>
  </testcase>
</testsuite>